1437022613.3 1
1437022613.4 2
1437022613.5 3
1437022613.6 4
1437022613.7 5
1437022613.8 6
1437022613.9 7
1437022614.0 8
1437022614.1 9
1437022614.2 10
1437022614.3 11
1437022614.4 12
1437022614.5 13
1437022614.6 14
1437022614.7 15
1437022614.8 16
1437022614.9 17
1437022615.0 18
1437022615.1 19
1437022615.2 20
1437022615.3 21
1437022615.4 22
1437022615.5 23
1437022615.6 24
1437022615.7 25
1437022615.8 26
1437022615.9 27
1437022616.0 28
1437022616.1 29
1437022616.2 30
1437022616.3 31
1437022616.4 32
1437022616.5 33
1437022616.6 34
1437022616.7 35
1437022616.8 36
1437022616.9 37
1437022617.0 38
1437022617.1 39
1437022617.2 40
1437022617.3 41
1437022617.4 42
1437022617.5 43
1437022617.6 44
1437022617.7 45
1437022617.8 46
1437022617.9 47
1437022618.0 48
1437022618.1 49
1437022618.2 50
1437022618.3 51
1437022618.4 52
1437022618.5 53
1437022618.6 54
1437022618.7 55
1437022618.8 56
1437022618.9 57
1437022619.0 58
1437022619.1 59
1437022619.2 60
1437022619.3 61
1437022619.4 62
1437022619.5 63
1437022619.6 64
1437022619.7 65
1437022619.8 66
1437022619.9 67
1437022620.0 68
1437022620.1 69
1437022620.2 70
1437022620.3 71
1437022620.4 72
1437022620.5 73
1437022620.6 74
1437022620.7 75
1437022620.8 76
1437022620.9 77
1437022621.0 78
1437022621.1 79
1437022621.2 80
1437022621.3 81
1437022621.4 82
1437022621.5 83
1437022621.6 84
1437022621.7 85
1437022621.8 86
1437022621.9 87
1437022622.0 88
1437022622.11 89
1437022622.21 90
1437022622.31 91
1437022622.41 92
1437022622.51 93
1437022622.61 94
1437022622.71 95
1437022622.81 96
1437022622.91 97
1437022623.01 98
1437022623.11 99
1437022623.21 100
1437022623.31 101
1437022623.41 102
1437022623.51 103
1437022623.61 104
1437022623.71 105
1437022623.81 106
1437022623.91 107
1437022624.01 108
1437022624.11 109
1437022624.21 110
1437022624.31 111
1437022624.41 112
1437022624.51 113
1437022624.61 114
1437022624.71 115
1437022624.81 116
1437022624.91 117
1437022625.01 118
1437022625.11 119
1437022625.21 120
1437022625.31 121
1437022625.41 122
1437022625.51 123
1437022625.61 124
1437022625.71 125
1437022625.81 126
1437022625.91 127
1437022626.01 128
1437022626.11 129
1437022626.21 130
1437022626.31 131
1437022626.41 132
1437022626.51 133
1437022626.61 134
1437022626.71 135
1437022626.81 136
1437022626.91 137
1437022627.01 138
1437022627.11 139
1437022627.21 140
1437022627.31 141
1437022627.41 142
1437022627.51 143
1437022627.61 144
1437022627.71 145
1437022627.81 146
1437022627.91 147
1437022628.01 148
1437022628.11 149
1437022628.21 150
1437022628.31 151
1437022628.41 152
1437022628.51 153
1437022628.61 154
1437022628.71 155
1437022628.81 156
1437022628.91 157
1437022629.01 158
1437022629.11 159
1437022629.21 160
1437022629.31 161
1437022629.41 162
1437022629.51 163
1437022629.61 164
1437022629.71 165
1437022629.81 166
1437022629.91 167
1437022630.01 168
1437022630.11 169
1437022630.21 170
1437022630.31 171
1437022630.41 172
1437022630.51 173
1437022630.61 174
1437022630.71 175
1437022630.81 176
1437022630.91 177
1437022631.01 178
1437022631.11 179
1437022631.21 180
1437022631.31 181
1437022631.41 182
1437022631.51 183
1437022631.61 184
1437022631.71 185
1437022631.81 186
1437022631.91 187
1437022632.01 188
1437022632.11 189
1437022632.21 190
1437022632.31 191
1437022632.41 192
1437022632.51 193
1437022632.61 194
1437022632.71 195
1437022632.71 196
1437022632.81 197
1437022632.81 198
1437022632.91 199
1437022632.91 200
1437022633.01 201
1437022633.01 202
1437022633.11 203
1437022633.11 204
1437022633.21 205
1437022633.21 206
1437022633.31 207
1437022633.31 208
1437022633.41 209
1437022633.41 210
1437022633.51 211
1437022633.51 212
1437022633.61 213
1437022633.61 214
1437022633.71 215
1437022633.71 216
1437022633.81 217
1437022633.81 218
1437022633.91 219
1437022633.91 220
1437022634.01 221
1437022634.01 222
1437022634.11 223
1437022634.11 224
1437022634.21 225
1437022634.21 226
1437022634.31 227
1437022634.31 228
1437022634.41 229
1437022634.41 230
1437022634.51 231
1437022634.51 232
1437022634.61 233
1437022634.61 234
1437022634.71 235
1437022634.71 236
1437022634.81 237
1437022634.81 238
1437022634.91 239
1437022634.91 240
1437022635.01 241
1437022635.01 242
1437022635.11 243
1437022635.11 244
1437022635.21 245
1437022635.21 246
1437022635.31 247
1437022635.31 248
1437022635.41 249
1437022635.41 250
1437022635.51 251
1437022635.51 252
1437022635.61 253
1437022635.61 254
1437022635.71 255
1437022635.71 256
1437022635.81 257
1437022635.81 258
1437022635.91 259
1437022635.91 260
1437022636.01 261
1437022636.01 262
1437022636.11 263
1437022636.11 264
1437022636.21 265
1437022636.21 266
1437022636.31 267
1437022636.31 268
1437022636.41 269
1437022636.41 270
1437022636.51 271
1437022636.51 272
1437022636.61 273
1437022636.61 274
1437022636.71 275
1437022636.71 276
1437022636.81 277
1437022636.81 278
1437022636.91 279
1437022636.91 280
1437022637.01 281
1437022637.01 282
1437022637.11 283
1437022637.11 284
1437022637.21 285
1437022637.21 286
1437022637.31 287
1437022637.31 288
1437022637.41 289
1437022637.41 290
1437022637.51 291
1437022637.51 292
1437022637.61 293
1437022637.61 294
1437022637.71 295
1437022637.71 296
1437022637.81 297
1437022637.81 298
1437022637.91 299
1437022637.91 300
1437022638.01 301
1437022638.01 302
1437022638.11 303
1437022638.11 304
1437022638.21 305
1437022638.21 306
1437022638.31 307
1437022638.31 308
1437022638.41 309
1437022638.41 310
1437022638.51 311
1437022638.51 312
1437022638.61 313
1437022638.61 314
1437022638.71 315
1437022638.71 316
1437022638.81 317
1437022638.81 318
1437022638.91 319
1437022638.91 320
1437022639.01 321
1437022639.01 322
1437022639.11 323
1437022639.11 324
1437022639.21 325
1437022639.21 326
1437022639.31 327
1437022639.31 328
1437022639.41 329
1437022639.41 330
1437022639.51 331
1437022639.51 332
1437022639.61 333
1437022639.61 334
1437022639.71 335
1437022639.71 336
1437022639.81 337
1437022639.81 338
1437022639.91 339
1437022639.91 340
1437022640.01 341
1437022640.01 342
1437022640.11 343
1437022640.11 344
1437022640.21 345
1437022640.21 346
1437022640.31 347
1437022640.31 348
1437022640.41 349
1437022640.41 350
1437022640.51 351
1437022640.51 352
1437022640.61 353
1437022640.61 354
1437022640.71 355
1437022640.71 356
1437022640.81 357
1437022640.81 358
1437022640.91 359
1437022640.91 360
1437022641.01 361
1437022641.01 362
1437022641.11 363
1437022641.11 364
1437022641.21 365
1437022641.21 366
1437022641.31 367
1437022641.31 368
1437022641.41 369
1437022641.41 370
1437022641.51 371
1437022641.51 372
1437022641.61 373
1437022641.61 374
1437022641.71 375
1437022641.71 376
1437022641.81 377
1437022641.81 378
1437022641.91 379
1437022641.91 380
1437022642.01 381
1437022642.01 382
1437022642.11 383
1437022642.12 384
1437022642.22 385
1437022642.22 386
1437022642.32 387
1437022642.32 388
1437022642.42 389
1437022642.42 390
1437022642.52 391
1437022642.52 392
1437022642.62 393
1437022642.62 394
1437022642.72 395
1437022642.72 396
1437022642.82 397
1437022642.82 398
1437022642.92 399
1437022642.92 400
1437022643.02 401
1437022643.02 402
1437022643.12 403
1437022643.12 404
1437022643.22 405
1437022643.22 406
1437022643.32 407
1437022643.32 408
1437022643.42 409
1437022643.42 410
1437022643.52 411
1437022643.52 412
1437022643.62 413
1437022643.62 414
1437022643.72 415
1437022643.72 416
1437022643.82 417
1437022643.82 418
1437022643.92 419
1437022643.92 420
1437022644.02 421
1437022644.02 422
1437022644.12 423
1437022644.12 424
1437022644.22 425
1437022644.22 426
1437022644.32 427
1437022644.32 428
1437022644.42 429
1437022644.42 430
1437022644.52 431
1437022644.52 432
1437022644.62 433
1437022644.62 434
1437022644.72 435
1437022644.72 436
1437022644.82 437
1437022644.82 438
1437022644.92 439
1437022644.92 440
1437022645.02 441
1437022645.02 442
1437022645.12 443
1437022645.12 444
