1437017115.08 1
1437017115.19 2
1437017115.29 3
1437017115.39 4
1437017115.49 5
1437017115.59 6
1437017115.69 7
1437017115.79 8
1437017115.89 9
1437017115.99 10
1437017116.09 11
1437017116.19 12
1437017116.29 13
1437017116.39 14
1437017116.49 15
1437017116.59 16
1437017116.69 17
1437017116.79 18
1437017116.89 19
1437017116.99 20
1437017117.09 21
1437017117.19 22
1437017117.29 23
1437017117.39 24
1437017117.49 25
1437017117.59 26
1437017117.69 27
1437017117.79 28
1437017117.89 29
1437017117.99 30
