1435153426.8 1
1435153426.9 2
1435153427.0 3
1435153427.1 4
1435153427.2 5
1435153427.3 6
1435153427.4 7
1435153427.5 8
1435153427.6 9
1435153427.7 10
1435153427.8 11
1435153427.9 12
1435153428.0 13
1435153428.1 14
1435153428.2 15
1435153428.3 16
1435153428.4 17
1435153428.5 18
1435153428.6 19
1435153428.7 20
1435153428.8 21
1435153428.9 22
1435153429.0 23
1435153429.1 24
1435153429.2 25
1435153429.3 26
1435153429.4 27
1435153429.51 28
1435153429.61 29
1435153429.71 30
1435153429.81 31
1435153429.91 32
1435153430.01 33
1435153430.11 34
1435153430.21 35
1435153430.31 36
1435153430.41 37
1435153430.51 38
1435153430.61 39
1435153430.71 40
1435153430.81 41
1435153430.91 42
1435153431.01 43
1435153431.11 44
1435153431.21 45
1435153431.31 46
1435153431.41 47
1435153431.51 48
1435153431.61 49
1435153431.71 50
1435153431.81 51
1435153431.91 52
1435153432.01 53
